<?xml version="1.0" encoding="UTF-8"?>
<!-- Generated by org.testng.reporters.JUnitXMLReporter -->
<testsuite ignored="0" hostname="DESKTOP-TPUJN1N" failures="1" tests="5" name="Surefire test" time="25.899" errors="0" timestamp="2025-01-22T10:46:01 IST">
  <testcase classname="bikes.BajajTest" name="launch" time="14.022"/>
  <testcase classname="bikes.HondaTest" name="launch" time="3.633"/>
  <testcase classname="bikes.YamahaTest" name="launch" time="5.224"/>
  <testcase classname="demo.MavenParameterTest" name="launch" time="2.929">
    <failure type="java.lang.NullPointerException">
      <![CDATA[java.lang.NullPointerException
at java.base/java.util.Objects.requireNonNull(Objects.java:220)
at java.base/java.util.ImmutableCollections$Map1.<init>(ImmutableCollections.java:1112)
at java.base/java.util.Map.of(Map.java:1364)
at org.openqa.selenium.remote.DriverCommand.GET(DriverCommand.java:180)
at org.openqa.selenium.remote.RemoteWebDriver.get(RemoteWebDriver.java:301)
at demo.MavenParameterTest.launch(MavenParameterTest.java:17)
at java.base/java.util.ArrayList.forEach(ArrayList.java:1597)
... Removed 30 stack frames]]>
    </failure>
  </testcase> <!-- launch -->
  <testcase classname="demo.SampleTest" name="launch" time="0.0"/>
</testsuite> <!-- Surefire test -->
