<?xml version="1.0" encoding="UTF-8"?>
<testng-results ignored="0" total="5" passed="4" failed="1" skipped="0">
  <reporter-output>
    <line>
      <![CDATA[Bajaj launched successfully]]>
    </line>
    <line>
      <![CDATA[honda launched successfully]]>
    </line>
    <line>
      <![CDATA[Yamaha launched successfully]]>
    </line>
    <line>
      <![CDATA[sample testcase executed]]>
    </line>
  </reporter-output>
  <suite started-at="2025-01-22T10:45:35 IST" name="Surefire suite" finished-at="2025-01-22T10:46:01 IST" duration-ms="25899">
    <groups>
    </groups>
    <test started-at="2025-01-22T10:45:35 IST" name="Surefire test" finished-at="2025-01-22T10:46:01 IST" duration-ms="25899">
      <class name="bikes.BajajTest">
        <test-method signature="launch()[pri:0, instance:bikes.BajajTest@223f3642]" started-at="2025-01-22T10:45:35 IST" name="launch" finished-at="2025-01-22T10:45:49 IST" duration-ms="14022" status="PASS">
          <reporter-output>
            <line>
              <![CDATA[Bajaj launched successfully]]>
            </line>
          </reporter-output>
        </test-method> <!-- launch -->
      </class> <!-- bikes.BajajTest -->
      <class name="bikes.YamahaTest">
        <test-method signature="launch()[pri:0, instance:bikes.YamahaTest@3b07a0d6]" started-at="2025-01-22T10:45:53 IST" name="launch" finished-at="2025-01-22T10:45:58 IST" duration-ms="5224" status="PASS">
          <reporter-output>
            <line>
              <![CDATA[Yamaha launched successfully]]>
            </line>
          </reporter-output>
        </test-method> <!-- launch -->
      </class> <!-- bikes.YamahaTest -->
      <class name="bikes.HondaTest">
        <test-method signature="launch()[pri:0, instance:bikes.HondaTest@3d121db3]" started-at="2025-01-22T10:45:49 IST" name="launch" finished-at="2025-01-22T10:45:53 IST" duration-ms="3633" status="PASS">
          <reporter-output>
            <line>
              <![CDATA[honda launched successfully]]>
            </line>
          </reporter-output>
        </test-method> <!-- launch -->
      </class> <!-- bikes.HondaTest -->
      <class name="demo.MavenParameterTest">
        <test-method signature="launch()[pri:0, instance:demo.MavenParameterTest@11a9e7c8]" started-at="2025-01-22T10:45:58 IST" name="launch" finished-at="2025-01-22T10:46:01 IST" duration-ms="2929" status="FAIL">
          <exception class="java.lang.NullPointerException">
            <full-stacktrace>
              <![CDATA[java.lang.NullPointerException
at java.base/java.util.Objects.requireNonNull(Objects.java:220)
at java.base/java.util.ImmutableCollections$Map1.<init>(ImmutableCollections.java:1112)
at java.base/java.util.Map.of(Map.java:1364)
at org.openqa.selenium.remote.DriverCommand.GET(DriverCommand.java:180)
at org.openqa.selenium.remote.RemoteWebDriver.get(RemoteWebDriver.java:301)
at demo.MavenParameterTest.launch(MavenParameterTest.java:17)
at java.base/jdk.internal.reflect.DirectMethodHandleAccessor.invoke(DirectMethodHandleAccessor.java:103)
at java.base/java.lang.reflect.Method.invoke(Method.java:580)
at org.testng.internal.invokers.MethodInvocationHelper.invokeMethod(MethodInvocationHelper.java:139)
at org.testng.internal.invokers.TestInvoker.invokeMethod(TestInvoker.java:677)
at org.testng.internal.invokers.TestInvoker.invokeTestMethod(TestInvoker.java:221)
at org.testng.internal.invokers.MethodRunner.runInSequence(MethodRunner.java:50)
at org.testng.internal.invokers.TestInvoker$MethodInvocationAgent.invoke(TestInvoker.java:969)
at org.testng.internal.invokers.TestInvoker.invokeTestMethods(TestInvoker.java:194)
at org.testng.internal.invokers.TestMethodWorker.invokeTestMethods(TestMethodWorker.java:148)
at org.testng.internal.invokers.TestMethodWorker.run(TestMethodWorker.java:128)
at java.base/java.util.ArrayList.forEach(ArrayList.java:1597)
at org.testng.TestRunner.privateRun(TestRunner.java:829)
at org.testng.TestRunner.run(TestRunner.java:602)
at org.testng.SuiteRunner.runTest(SuiteRunner.java:437)
at org.testng.SuiteRunner.runSequentially(SuiteRunner.java:431)
at org.testng.SuiteRunner.privateRun(SuiteRunner.java:391)
at org.testng.SuiteRunner.run(SuiteRunner.java:330)
at org.testng.SuiteRunnerWorker.runSuite(SuiteRunnerWorker.java:52)
at org.testng.SuiteRunnerWorker.run(SuiteRunnerWorker.java:95)
at org.testng.TestNG.runSuitesSequentially(TestNG.java:1256)
at org.testng.TestNG.runSuitesLocally(TestNG.java:1176)
at org.testng.TestNG.runSuites(TestNG.java:1099)
at org.testng.TestNG.run(TestNG.java:1067)
at org.apache.maven.surefire.testng.TestNGExecutor.run(TestNGExecutor.java:155)
at org.apache.maven.surefire.testng.TestNGDirectoryTestSuite.executeMulti(TestNGDirectoryTestSuite.java:169)
at org.apache.maven.surefire.testng.TestNGDirectoryTestSuite.execute(TestNGDirectoryTestSuite.java:88)
at org.apache.maven.surefire.testng.TestNGProvider.invoke(TestNGProvider.java:137)
at org.apache.maven.surefire.booter.ForkedBooter.runSuitesInProcess(ForkedBooter.java:385)
at org.apache.maven.surefire.booter.ForkedBooter.execute(ForkedBooter.java:162)
at org.apache.maven.surefire.booter.ForkedBooter.run(ForkedBooter.java:507)
at org.apache.maven.surefire.booter.ForkedBooter.main(ForkedBooter.java:495)
]]>
            </full-stacktrace>
          </exception> <!-- java.lang.NullPointerException -->
          <reporter-output>
          </reporter-output>
        </test-method> <!-- launch -->
      </class> <!-- demo.MavenParameterTest -->
      <class name="demo.SampleTest">
        <test-method signature="launch()[pri:0, instance:demo.SampleTest@3901d134]" started-at="2025-01-22T10:46:01 IST" name="launch" finished-at="2025-01-22T10:46:01 IST" duration-ms="0" status="PASS">
          <reporter-output>
            <line>
              <![CDATA[sample testcase executed]]>
            </line>
          </reporter-output>
        </test-method> <!-- launch -->
      </class> <!-- demo.SampleTest -->
    </test> <!-- Surefire test -->
  </suite> <!-- Surefire suite -->
</testng-results>
