<?xml version="1.0" encoding="UTF-8"?>
<testng-results ignored="0" total="1" passed="1" failed="0" skipped="0">
  <reporter-output>
  </reporter-output>
  <suite started-at="2025-01-22T11:37:27 IST" name="Default suite" finished-at="2025-01-22T11:37:41 IST" duration-ms="14397">
    <groups>
    </groups>
    <test started-at="2025-01-22T11:37:27 IST" name="Default test" finished-at="2025-01-22T11:37:41 IST" duration-ms="14397">
      <class name="extentreports.ToAddScreenshotReport">
        <test-method signature="addScreenshot()[pri:0, instance:extentreports.ToAddScreenshotReport@689604d9]" started-at="2025-01-22T11:37:27 IST" name="addScreenshot" finished-at="2025-01-22T11:37:41 IST" duration-ms="14343" status="PASS">
          <reporter-output>
          </reporter-output>
        </test-method> <!-- addScreenshot -->
      </class> <!-- extentreports.ToAddScreenshotReport -->
    </test> <!-- Default test -->
  </suite> <!-- Default suite -->
</testng-results>
